<html>
<head>
<title>TestNG:  Default test</title>
<link href="../testng.css" rel="stylesheet" type="text/css" />
<link href="../my-testng.css" rel="stylesheet" type="text/css" />

<style type="text/css">
.log { display: none;} 
.stack-trace { display: none;} 
</style>
<script type="text/javascript">
<!--
function flip(e) {
  current = e.style.display;
  if (current == 'block') {
    e.style.display = 'none';
    return 0;
  }
  else {
    e.style.display = 'block';
    return 1;
  }
}

function toggleBox(szDivId, elem, msg1, msg2)
{
  var res = -1;  if (document.getElementById) {
    res = flip(document.getElementById(szDivId));
  }
  else if (document.all) {
    // this is the way old msie versions work
    res = flip(document.all[szDivId]);
  }
  if(elem) {
    if(res == 0) elem.innerHTML = msg1; else elem.innerHTML = msg2;
  }

}

function toggleAllBoxes() {
  if (document.getElementsByTagName) {
    d = document.getElementsByTagName('div');
    for (i = 0; i < d.length; i++) {
      if (d[i].className == 'log') {
        flip(d[i]);
      }
    }
  }
}

// -->
</script>

</head>
<body>
<h2 align='center'>Default test</h2><table border='1' align="center">
<tr>
<td>Tests passed/Failed/Skipped:</td><td>0/1/0</td>
</tr><tr>
<td>Started on:</td><td>Mon Sep 01 00:49:58 IST 2025</td>
</tr>
<tr><td>Total time:</td><td>4 seconds (4364 ms)</td>
</tr><tr>
<td>Included groups:</td><td></td>
</tr><tr>
<td>Excluded groups:</td><td></td>
</tr>
</table><p/>
<small><i>(Hover the method name to see the test class name)</i></small><p/>
<table width='100%' border='1' class='invocation-failed'>
<tr><td colspan='4' align='center'><b>FAILED TESTS</b></td></tr>
<tr><td><b>Test method</b></td>
<td><b>Attribute(s)</b></td>
<td width="30%"><b>Exception</b></td>
<td width="10%"><b>Time (seconds)</b></td>
<td><b>Instance</b></td>
</tr>
<tr>
<td title='Create.CreateSupplier.workerCreate()'><b>workerCreate</b><br>Test class: Create.CreateSupplier</td>
<td><div><pre>java.lang.AssertionError: 1 expectation failed.
Response body doesn&apos;t match expectation.
Expected: The content to match the given JSON schema.
error: object has missing required properties ([&quot;authToken&quot;,&quot;message&quot;,&quot;userInfo&quot;])
    level: &quot;error&quot;
    schema: {&quot;loadingURI&quot;:&quot;#&quot;,&quot;pointer&quot;:&quot;/properties/data&quot;}
    instance: {&quot;pointer&quot;:&quot;/data&quot;}
    domain: &quot;validation&quot;
    keyword: &quot;required&quot;
    required: [&quot;authToken&quot;,&quot;message&quot;,&quot;userInfo&quot;]
    missing: [&quot;authToken&quot;,&quot;message&quot;,&quot;userInfo&quot;]

  Actual: {&quot;meta&quot;:{&quot;status_code&quot;:200,&quot;success_message&quot;:&quot;Worker Created&quot;},&quot;data&quot;:{&quot;attachments&quot;:[],&quot;numTotalAssignments&quot;:0,&quot;isActive&quot;:true,&quot;updatedAt&quot;:null,&quot;firstName&quot;:&quot;Sherwood&quot;,&quot;lastName&quot;:&quot;Funk&quot;,&quot;email&quot;:&quot;billy.heaney@hotmail.com&quot;,&quot;phone&quot;:&quot;1-299-123-8955&quot;,&quot;externalVmsId&quot;:&quot;737383&quot;,&quot;accountingId&quot;:&quot;7373833&quot;,&quot;notes&quot;:&quot;Nothing to add&quot;,&quot;workerID&quot;:1676,&quot;dobMonth&quot;:&quot;04&quot;,&quot;dobDay&quot;:&quot;10&quot;,&quot;dobYear&quot;:&quot;2000&quot;,&quot;address1&quot;:&quot;338 McCullough Mills&quot;,&quot;address2&quot;:&quot;Elmer Row&quot;,&quot;city&quot;:&quot;O&apos;Connellstad&quot;,&quot;state&quot;:&quot;North Carolina&quot;,&quot;postalCode&quot;:&quot;49077&quot;,&quot;country&quot;:&quot;Senegal&quot;,&quot;emergencyContactName&quot;:&quot;NAMO&quot;,&quot;emergencyContactPhone&quot;:&quot;4748348934&quot;,&quot;emergencyContactEmail&quot;:&quot;qaworker1@yopmail.com&quot;,&quot;emergencyContactRelationship&quot;:&quot;NAMO&quot;,&quot;workEmail&quot;:&quot;billy.heaney@hotmail.com&quot;,&quot;persEmail&quot;:&quot;billy.heaney@hotmail.com&quot;,&quot;mobilePhone&quot;:&quot;6337373484&quot;,&quot;workPhone&quot;:&quot;7483839933&quot;,&quot;homePhone&quot;:&quot;7389292922&quot;,&quot;customFields&quot;:[],&quot;createdAt&quot;:&quot;2025-08-31T19:20:02.710Z&quot;}}

	at java.base/jdk.internal.reflect.DirectConstructorHandleAccessor.newInstance(DirectConstructorHandleAccessor.java:62)
	at java.base/java.lang.reflect.Constructor.newInstanceWithCaller(Constructor.java:502)
	at java.base/java.lang.reflect.Constructor.newInstance(Constructor.java:486)
	at org.codehaus.groovy.reflection.CachedConstructor.invoke(CachedConstructor.java:73)
	at org.codehaus.groovy.runtime.callsite.ConstructorSite$ConstructorSiteNoUnwrapNoCoerce.callConstructor(ConstructorSite.java:108)
	at org.codehaus.groovy.runtime.callsite.CallSiteArray.defaultCallConstructor(CallSiteArray.java:57)
	at org.codehaus.groovy.runtime.callsite.AbstractCallSite.callConstructor(AbstractCallSite.java:263)
	at org.codehaus.groovy.runtime.callsite.AbstractCallSite.callConstructor(AbstractCallSite.java:277)
	at io.restassured.internal.ResponseSpecificationImpl$HamcrestAssertionClosure.validate(ResponseSpecificationImpl.groovy:512)
	at io.restassured.internal.ResponseSpecificationImpl$HamcrestAssertionClosure$validate$1.call(Unknown Source)
	at io.restassured.internal.ResponseSpecificationImpl.validateResponseIfRequired(ResponseSpecificationImpl.groovy:696)
	at io.restassured.internal.ResponseSpecificationImpl.this$2$validateResponseIfRequired(ResponseSpecificationImpl.groovy)
	at java.base/jdk.internal.reflect.DirectMethodHandleAccessor.invoke(DirectMethodHandleAccessor.java:103)
	at java.base/java.lang.reflect.Method.invoke(Method.java:580)
	at org.codehaus.groovy.runtime.callsite.PlainObjectMetaMethodSite.doInvoke(PlainObjectMetaMethodSite.java:43)
	at org.codehaus.groovy.runtime.callsite.PogoMetaMethodSite$PogoCachedMethodSiteNoUnwrapNoCoerce.invoke(PogoMetaMethodSite.java:198)
	at org.codehaus.groovy.runtime.callsite.PogoMetaMethodSite.callCurrent(PogoMetaMethodSite.java:62)
	at org.codehaus.groovy.runtime.callsite.AbstractCallSite.callCurrent(AbstractCallSite.java:185)
	at io.restassured.internal.ResponseSpecificationImpl.body(ResponseSpecificationImpl.groovy:107)
	at io.restassured.internal.ValidatableResponseOptionsImpl.body(ValidatableResponseOptionsImpl.java:238)
	at Create.CreateSupplier.workerCreate(CreateSupplier.java:111)
	at java.base/jdk.internal.reflect.DirectMethodHandleAccessor.invoke(DirectMethodHandleAccessor.java:103)
	at java.base/java.lang.reflect.Method.invoke(Method.java:580)
	at org.testng.internal.invokers.MethodInvocationHelper.invokeMethod(MethodInvocationHelper.java:141)
	at org.testng.internal.invokers.TestInvoker.invokeMethod(TestInvoker.java:687)
	at org.testng.internal.invokers.TestInvoker.invokeTestMethod(TestInvoker.java:230)
	at org.testng.internal.invokers.MethodRunner.runInSequence(MethodRunner.java:63)
	at org.testng.internal.invokers.TestInvoker$MethodInvocationAgent.invoke(TestInvoker.java:995)
	at org.testng.internal.invokers.TestInvoker.invokeTestMethods(TestInvoker.java:203)
	at org.testng.internal.invokers.TestMethodWorker.invokeTestMethods(TestMethodWorker.java:154)
	at org.testng.internal.invokers.TestMethodWorker.run(TestMethodWorker.java:134)
	at java.base/java.util.ArrayList.forEach(ArrayList.java:1596)
	at org.testng.TestRunner.privateRun(TestRunner.java:741)
	at org.testng.TestRunner.run(TestRunner.java:616)
	at org.testng.SuiteRunner.runTest(SuiteRunner.java:421)
	at org.testng.SuiteRunner.runSequentially(SuiteRunner.java:413)
	at org.testng.SuiteRunner.privateRun(SuiteRunner.java:373)
	at org.testng.SuiteRunner.run(SuiteRunner.java:312)
	at org.testng.SuiteRunnerWorker.runSuite(SuiteRunnerWorker.java:52)
	at org.testng.SuiteRunnerWorker.run(SuiteRunnerWorker.java:95)
	at org.testng.TestNG.runSuitesSequentially(TestNG.java:1274)
	at org.testng.TestNG.runSuitesLocally(TestNG.java:1208)
	at org.testng.TestNG.runSuites(TestNG.java:1112)
	at org.testng.TestNG.run(TestNG.java:1079)
	at org.testng.remote.AbstractRemoteTestNG.run(AbstractRemoteTestNG.java:115)
	at org.testng.remote.RemoteTestNG.initAndRun(RemoteTestNG.java:293)
	at org.testng.remote.RemoteTestNG.main(RemoteTestNG.java:91)
</pre></div><a href='#' onClick='toggleBox("stack-trace2102280782", this, "Click to show all stack frames", "Click to hide stack frames")'>Click to show all stack frames</a>
<div class='stack-trace' id='stack-trace2102280782'><pre>java.lang.AssertionError: 1 expectation failed.
Response body doesn&apos;t match expectation.
Expected: The content to match the given JSON schema.
error: object has missing required properties ([&quot;authToken&quot;,&quot;message&quot;,&quot;userInfo&quot;])
    level: &quot;error&quot;
    schema: {&quot;loadingURI&quot;:&quot;#&quot;,&quot;pointer&quot;:&quot;/properties/data&quot;}
    instance: {&quot;pointer&quot;:&quot;/data&quot;}
    domain: &quot;validation&quot;
    keyword: &quot;required&quot;
    required: [&quot;authToken&quot;,&quot;message&quot;,&quot;userInfo&quot;]
    missing: [&quot;authToken&quot;,&quot;message&quot;,&quot;userInfo&quot;]

  Actual: {&quot;meta&quot;:{&quot;status_code&quot;:200,&quot;success_message&quot;:&quot;Worker Created&quot;},&quot;data&quot;:{&quot;attachments&quot;:[],&quot;numTotalAssignments&quot;:0,&quot;isActive&quot;:true,&quot;updatedAt&quot;:null,&quot;firstName&quot;:&quot;Sherwood&quot;,&quot;lastName&quot;:&quot;Funk&quot;,&quot;email&quot;:&quot;billy.heaney@hotmail.com&quot;,&quot;phone&quot;:&quot;1-299-123-8955&quot;,&quot;externalVmsId&quot;:&quot;737383&quot;,&quot;accountingId&quot;:&quot;7373833&quot;,&quot;notes&quot;:&quot;Nothing to add&quot;,&quot;workerID&quot;:1676,&quot;dobMonth&quot;:&quot;04&quot;,&quot;dobDay&quot;:&quot;10&quot;,&quot;dobYear&quot;:&quot;2000&quot;,&quot;address1&quot;:&quot;338 McCullough Mills&quot;,&quot;address2&quot;:&quot;Elmer Row&quot;,&quot;city&quot;:&quot;O&apos;Connellstad&quot;,&quot;state&quot;:&quot;North Carolina&quot;,&quot;postalCode&quot;:&quot;49077&quot;,&quot;country&quot;:&quot;Senegal&quot;,&quot;emergencyContactName&quot;:&quot;NAMO&quot;,&quot;emergencyContactPhone&quot;:&quot;4748348934&quot;,&quot;emergencyContactEmail&quot;:&quot;qaworker1@yopmail.com&quot;,&quot;emergencyContactRelationship&quot;:&quot;NAMO&quot;,&quot;workEmail&quot;:&quot;billy.heaney@hotmail.com&quot;,&quot;persEmail&quot;:&quot;billy.heaney@hotmail.com&quot;,&quot;mobilePhone&quot;:&quot;6337373484&quot;,&quot;workPhone&quot;:&quot;7483839933&quot;,&quot;homePhone&quot;:&quot;7389292922&quot;,&quot;customFields&quot;:[],&quot;createdAt&quot;:&quot;2025-08-31T19:20:02.710Z&quot;}}

	at java.base/jdk.internal.reflect.DirectConstructorHandleAccessor.newInstance(DirectConstructorHandleAccessor.java:62)
	at java.base/java.lang.reflect.Constructor.newInstanceWithCaller(Constructor.java:502)
	at java.base/java.lang.reflect.Constructor.newInstance(Constructor.java:486)
	at org.codehaus.groovy.reflection.CachedConstructor.invoke(CachedConstructor.java:73)
	at org.codehaus.groovy.runtime.callsite.ConstructorSite$ConstructorSiteNoUnwrapNoCoerce.callConstructor(ConstructorSite.java:108)
	at org.codehaus.groovy.runtime.callsite.CallSiteArray.defaultCallConstructor(CallSiteArray.java:57)
	at org.codehaus.groovy.runtime.callsite.AbstractCallSite.callConstructor(AbstractCallSite.java:263)
	at org.codehaus.groovy.runtime.callsite.AbstractCallSite.callConstructor(AbstractCallSite.java:277)
	at io.restassured.internal.ResponseSpecificationImpl$HamcrestAssertionClosure.validate(ResponseSpecificationImpl.groovy:512)
	at io.restassured.internal.ResponseSpecificationImpl$HamcrestAssertionClosure$validate$1.call(Unknown Source)
	at io.restassured.internal.ResponseSpecificationImpl.validateResponseIfRequired(ResponseSpecificationImpl.groovy:696)
	at io.restassured.internal.ResponseSpecificationImpl.this$2$validateResponseIfRequired(ResponseSpecificationImpl.groovy)
	at java.base/jdk.internal.reflect.DirectMethodHandleAccessor.invoke(DirectMethodHandleAccessor.java:103)
	at java.base/java.lang.reflect.Method.invoke(Method.java:580)
	at org.codehaus.groovy.runtime.callsite.PlainObjectMetaMethodSite.doInvoke(PlainObjectMetaMethodSite.java:43)
	at org.codehaus.groovy.runtime.callsite.PogoMetaMethodSite$PogoCachedMethodSiteNoUnwrapNoCoerce.invoke(PogoMetaMethodSite.java:198)
	at org.codehaus.groovy.runtime.callsite.PogoMetaMethodSite.callCurrent(PogoMetaMethodSite.java:62)
	at org.codehaus.groovy.runtime.callsite.AbstractCallSite.callCurrent(AbstractCallSite.java:185)
	at io.restassured.internal.ResponseSpecificationImpl.body(ResponseSpecificationImpl.groovy:107)
	at io.restassured.internal.ValidatableResponseOptionsImpl.body(ValidatableResponseOptionsImpl.java:238)
	at Create.CreateSupplier.workerCreate(CreateSupplier.java:111)
	at java.base/jdk.internal.reflect.DirectMethodHandleAccessor.invoke(DirectMethodHandleAccessor.java:103)
	at java.base/java.lang.reflect.Method.invoke(Method.java:580)
	at org.testng.internal.invokers.MethodInvocationHelper.invokeMethod(MethodInvocationHelper.java:141)
	at org.testng.internal.invokers.TestInvoker.invokeMethod(TestInvoker.java:687)
	at org.testng.internal.invokers.TestInvoker.invokeTestMethod(TestInvoker.java:230)
	at org.testng.internal.invokers.MethodRunner.runInSequence(MethodRunner.java:63)
	at org.testng.internal.invokers.TestInvoker$MethodInvocationAgent.invoke(TestInvoker.java:995)
	at org.testng.internal.invokers.TestInvoker.invokeTestMethods(TestInvoker.java:203)
	at org.testng.internal.invokers.TestMethodWorker.invokeTestMethods(TestMethodWorker.java:154)
	at org.testng.internal.invokers.TestMethodWorker.run(TestMethodWorker.java:134)
	at java.base/java.util.ArrayList.forEach(ArrayList.java:1596)
	at org.testng.TestRunner.privateRun(TestRunner.java:741)
	at org.testng.TestRunner.run(TestRunner.java:616)
	at org.testng.SuiteRunner.runTest(SuiteRunner.java:421)
	at org.testng.SuiteRunner.runSequentially(SuiteRunner.java:413)
	at org.testng.SuiteRunner.privateRun(SuiteRunner.java:373)
	at org.testng.SuiteRunner.run(SuiteRunner.java:312)
	at org.testng.SuiteRunnerWorker.runSuite(SuiteRunnerWorker.java:52)
	at org.testng.SuiteRunnerWorker.run(SuiteRunnerWorker.java:95)
	at org.testng.TestNG.runSuitesSequentially(TestNG.java:1274)
	at org.testng.TestNG.runSuitesLocally(TestNG.java:1208)
	at org.testng.TestNG.runSuites(TestNG.java:1112)
	at org.testng.TestNG.run(TestNG.java:1079)
	at org.testng.remote.AbstractRemoteTestNG.run(AbstractRemoteTestNG.java:115)
	at org.testng.remote.RemoteTestNG.initAndRun(RemoteTestNG.java:293)
	at org.testng.remote.RemoteTestNG.main(RemoteTestNG.java:91)
</pre></div></td>
<td>4</td>
<td>Create.CreateSupplier@5552768b</td></tr>
</table><p>
</body>
</html>