<?xml version="1.0" encoding="UTF-8"?>
<!-- Generated by org.testng.reporters.JUnitXMLReporter -->
<testsuite ignored="1" hostname="DESKTOP-IJFDGV2" failures="1" tests="1" name="Default test" time="4.364" errors="0" timestamp="2025-09-01T00:50:03 IST">
  <testcase classname="Create.CreateSupplier" name="workerCreate" time="4.08">
    <failure type="java.lang.AssertionError" message="1 expectation failed.
Response body doesn&amp;apos;t match expectation.
Expected: The content to match the given JSON schema.
error: object has missing required properties ([&amp;quot;authToken&amp;quot;,&amp;quot;message&amp;quot;,&amp;quot;userInfo&amp;quot;])
    level: &amp;quot;error&amp;quot;
    schema: {&amp;quot;loadingURI&amp;quot;:&amp;quot;#&amp;quot;,&amp;quot;pointer&amp;quot;:&amp;quot;/properties/data&amp;quot;}
    instance: {&amp;quot;pointer&amp;quot;:&amp;quot;/data&amp;quot;}
    domain: &amp;quot;validation&amp;quot;
    keyword: &amp;quot;required&amp;quot;
    required: [&amp;quot;authToken&amp;quot;,&amp;quot;message&amp;quot;,&amp;quot;userInfo&amp;quot;]
    missing: [&amp;quot;authToken&amp;quot;,&amp;quot;message&amp;quot;,&amp;quot;userInfo&amp;quot;]

  Actual: {&amp;quot;meta&amp;quot;:{&amp;quot;status_code&amp;quot;:200,&amp;quot;success_message&amp;quot;:&amp;quot;Worker Created&amp;quot;},&amp;quot;data&amp;quot;:{&amp;quot;attachments&amp;quot;:[],&amp;quot;numTotalAssignments&amp;quot;:0,&amp;quot;isActive&amp;quot;:true,&amp;quot;updatedAt&amp;quot;:null,&amp;quot;firstName&amp;quot;:&amp;quot;Sherwood&amp;quot;,&amp;quot;lastName&amp;quot;:&amp;quot;Funk&amp;quot;,&amp;quot;email&amp;quot;:&amp;quot;billy.heaney@hotmail.com&amp;quot;,&amp;quot;phone&amp;quot;:&amp;quot;1-299-123-8955&amp;quot;,&amp;quot;externalVmsId&amp;quot;:&amp;quot;737383&amp;quot;,&amp;quot;accountingId&amp;quot;:&amp;quot;7373833&amp;quot;,&amp;quot;notes&amp;quot;:&amp;quot;Nothing to add&amp;quot;,&amp;quot;workerID&amp;quot;:1676,&amp;quot;dobMonth&amp;quot;:&amp;quot;04&amp;quot;,&amp;quot;dobDay&amp;quot;:&amp;quot;10&amp;quot;,&amp;quot;dobYear&amp;quot;:&amp;quot;2000&amp;quot;,&amp;quot;address1&amp;quot;:&amp;quot;338 McCullough Mills&amp;quot;,&amp;quot;address2&amp;quot;:&amp;quot;Elmer Row&amp;quot;,&amp;quot;city&amp;quot;:&amp;quot;O&amp;apos;Connellstad&amp;quot;,&amp;quot;state&amp;quot;:&amp;quot;North Carolina&amp;quot;,&amp;quot;postalCode&amp;quot;:&amp;quot;49077&amp;quot;,&amp;quot;country&amp;quot;:&amp;quot;Senegal&amp;quot;,&amp;quot;emergencyContactName&amp;quot;:&amp;quot;NAMO&amp;quot;,&amp;quot;emergencyContactPhone&amp;quot;:&amp;quot;4748348934&amp;quot;,&amp;quot;emergencyContactEmail&amp;quot;:&amp;quot;qaworker1@yopmail.com&amp;quot;,&amp;quot;emergencyContactRelationship&amp;quot;:&amp;quot;NAMO&amp;quot;,&amp;quot;workEmail&amp;quot;:&amp;quot;billy.heaney@hotmail.com&amp;quot;,&amp;quot;persEmail&amp;quot;:&amp;quot;billy.heaney@hotmail.com&amp;quot;,&amp;quot;mobilePhone&amp;quot;:&amp;quot;6337373484&amp;quot;,&amp;quot;workPhone&amp;quot;:&amp;quot;7483839933&amp;quot;,&amp;quot;homePhone&amp;quot;:&amp;quot;7389292922&amp;quot;,&amp;quot;customFields&amp;quot;:[],&amp;quot;createdAt&amp;quot;:&amp;quot;2025-08-31T19:20:02.710Z&amp;quot;}}
">
      <![CDATA[java.lang.AssertionError: 1 expectation failed.
Response body doesn't match expectation.
Expected: The content to match the given JSON schema.
error: object has missing required properties (["authToken","message","userInfo"])
    level: "error"
    schema: {"loadingURI":"#","pointer":"/properties/data"}
    instance: {"pointer":"/data"}
    domain: "validation"
    keyword: "required"
    required: ["authToken","message","userInfo"]
    missing: ["authToken","message","userInfo"]

  Actual: {"meta":{"status_code":200,"success_message":"Worker Created"},"data":{"attachments":[],"numTotalAssignments":0,"isActive":true,"updatedAt":null,"firstName":"Sherwood","lastName":"Funk","email":"billy.heaney@hotmail.com","phone":"1-299-123-8955","externalVmsId":"737383","accountingId":"7373833","notes":"Nothing to add","workerID":1676,"dobMonth":"04","dobDay":"10","dobYear":"2000","address1":"338 McCullough Mills","address2":"Elmer Row","city":"O'Connellstad","state":"North Carolina","postalCode":"49077","country":"Senegal","emergencyContactName":"NAMO","emergencyContactPhone":"4748348934","emergencyContactEmail":"qaworker1@yopmail.com","emergencyContactRelationship":"NAMO","workEmail":"billy.heaney@hotmail.com","persEmail":"billy.heaney@hotmail.com","mobilePhone":"6337373484","workPhone":"7483839933","homePhone":"7389292922","customFields":[],"createdAt":"2025-08-31T19:20:02.710Z"}}

at java.base/jdk.internal.reflect.DirectConstructorHandleAccessor.newInstance(DirectConstructorHandleAccessor.java:62)
at java.base/java.lang.reflect.Constructor.newInstanceWithCaller(Constructor.java:502)
at java.base/java.lang.reflect.Constructor.newInstance(Constructor.java:486)
at org.codehaus.groovy.reflection.CachedConstructor.invoke(CachedConstructor.java:73)
at org.codehaus.groovy.runtime.callsite.ConstructorSite$ConstructorSiteNoUnwrapNoCoerce.callConstructor(ConstructorSite.java:108)
at org.codehaus.groovy.runtime.callsite.CallSiteArray.defaultCallConstructor(CallSiteArray.java:57)
at org.codehaus.groovy.runtime.callsite.AbstractCallSite.callConstructor(AbstractCallSite.java:263)
at org.codehaus.groovy.runtime.callsite.AbstractCallSite.callConstructor(AbstractCallSite.java:277)
at io.restassured.internal.ResponseSpecificationImpl$HamcrestAssertionClosure.validate(ResponseSpecificationImpl.groovy:512)
at io.restassured.internal.ResponseSpecificationImpl$HamcrestAssertionClosure$validate$1.call(Unknown Source)
at io.restassured.internal.ResponseSpecificationImpl.validateResponseIfRequired(ResponseSpecificationImpl.groovy:696)
at io.restassured.internal.ResponseSpecificationImpl.this$2$validateResponseIfRequired(ResponseSpecificationImpl.groovy)
at java.base/jdk.internal.reflect.DirectMethodHandleAccessor.invoke(DirectMethodHandleAccessor.java:103)
at java.base/java.lang.reflect.Method.invoke(Method.java:580)
at org.codehaus.groovy.runtime.callsite.PlainObjectMetaMethodSite.doInvoke(PlainObjectMetaMethodSite.java:43)
at org.codehaus.groovy.runtime.callsite.PogoMetaMethodSite$PogoCachedMethodSiteNoUnwrapNoCoerce.invoke(PogoMetaMethodSite.java:198)
at org.codehaus.groovy.runtime.callsite.PogoMetaMethodSite.callCurrent(PogoMetaMethodSite.java:62)
at org.codehaus.groovy.runtime.callsite.AbstractCallSite.callCurrent(AbstractCallSite.java:185)
at io.restassured.internal.ResponseSpecificationImpl.body(ResponseSpecificationImpl.groovy:107)
at io.restassured.internal.ValidatableResponseOptionsImpl.body(ValidatableResponseOptionsImpl.java:238)
at Create.CreateSupplier.workerCreate(CreateSupplier.java:111)
at java.base/jdk.internal.reflect.DirectMethodHandleAccessor.invoke(DirectMethodHandleAccessor.java:103)
at java.base/java.lang.reflect.Method.invoke(Method.java:580)
at org.testng.internal.invokers.MethodInvocationHelper.invokeMethod(MethodInvocationHelper.java:141)
at org.testng.internal.invokers.TestInvoker.invokeMethod(TestInvoker.java:687)
at org.testng.internal.invokers.TestInvoker.invokeTestMethod(TestInvoker.java:230)
at org.testng.internal.invokers.MethodRunner.runInSequence(MethodRunner.java:63)
at org.testng.internal.invokers.TestInvoker$MethodInvocationAgent.invoke(TestInvoker.java:995)
at org.testng.internal.invokers.TestInvoker.invokeTestMethods(TestInvoker.java:203)
at org.testng.internal.invokers.TestMethodWorker.invokeTestMethods(TestMethodWorker.java:154)
at org.testng.internal.invokers.TestMethodWorker.run(TestMethodWorker.java:134)
at java.base/java.util.ArrayList.forEach(ArrayList.java:1596)
at org.testng.TestRunner.privateRun(TestRunner.java:741)
at org.testng.TestRunner.run(TestRunner.java:616)
at org.testng.SuiteRunner.runTest(SuiteRunner.java:421)
at org.testng.SuiteRunner.runSequentially(SuiteRunner.java:413)
at org.testng.SuiteRunner.privateRun(SuiteRunner.java:373)
at org.testng.SuiteRunner.run(SuiteRunner.java:312)
at org.testng.SuiteRunnerWorker.runSuite(SuiteRunnerWorker.java:52)
at org.testng.SuiteRunnerWorker.run(SuiteRunnerWorker.java:95)
at org.testng.TestNG.runSuitesSequentially(TestNG.java:1274)
at org.testng.TestNG.runSuitesLocally(TestNG.java:1208)
at org.testng.TestNG.runSuites(TestNG.java:1112)
at org.testng.TestNG.run(TestNG.java:1079)
at org.testng.remote.AbstractRemoteTestNG.run(AbstractRemoteTestNG.java:115)
at org.testng.remote.RemoteTestNG.initAndRun(RemoteTestNG.java:293)
at org.testng.remote.RemoteTestNG.main(RemoteTestNG.java:91)
]]>
    </failure>
  </testcase> <!-- workerCreate -->
  <testcase classname="Create.CreateSupplier" name="supplierCreate" time="0.0">
    <ignored/>
  </testcase> <!-- supplierCreate -->
</testsuite> <!-- Default test -->
