<?xml version="1.0" encoding="UTF-8"?>
<!-- Generated by org.testng.reporters.JUnitXMLReporter -->
<testsuite ignored="1" hostname="DESKTOP-IJFDGV2" failures="1" tests="1" name="Test" time="4.452" errors="0" timestamp="2025-09-01T02:13:21 IST">
  <testcase classname="Create.CreateSupplier" name="workerCreate" time="4.219">
    <failure type="java.lang.AssertionError" message="1 expectation failed.
Response body doesn&amp;apos;t match expectation.
Expected: The content to match the given JSON schema.
error: object has missing required properties ([&amp;quot;authToken&amp;quot;,&amp;quot;message&amp;quot;,&amp;quot;userInfo&amp;quot;])
    level: &amp;quot;error&amp;quot;
    schema: {&amp;quot;loadingURI&amp;quot;:&amp;quot;#&amp;quot;,&amp;quot;pointer&amp;quot;:&amp;quot;/properties/data&amp;quot;}
    instance: {&amp;quot;pointer&amp;quot;:&amp;quot;/data&amp;quot;}
    domain: &amp;quot;validation&amp;quot;
    keyword: &amp;quot;required&amp;quot;
    required: [&amp;quot;authToken&amp;quot;,&amp;quot;message&amp;quot;,&amp;quot;userInfo&amp;quot;]
    missing: [&amp;quot;authToken&amp;quot;,&amp;quot;message&amp;quot;,&amp;quot;userInfo&amp;quot;]

  Actual: {&amp;quot;meta&amp;quot;:{&amp;quot;status_code&amp;quot;:200,&amp;quot;success_message&amp;quot;:&amp;quot;Worker Created&amp;quot;},&amp;quot;data&amp;quot;:{&amp;quot;attachments&amp;quot;:[],&amp;quot;numTotalAssignments&amp;quot;:0,&amp;quot;isActive&amp;quot;:true,&amp;quot;updatedAt&amp;quot;:null,&amp;quot;firstName&amp;quot;:&amp;quot;Anabel&amp;quot;,&amp;quot;lastName&amp;quot;:&amp;quot;Abernathy&amp;quot;,&amp;quot;email&amp;quot;:&amp;quot;margarito.homenick@gmail.com&amp;quot;,&amp;quot;phone&amp;quot;:&amp;quot;(148) 010-9266&amp;quot;,&amp;quot;externalVmsId&amp;quot;:&amp;quot;737383&amp;quot;,&amp;quot;accountingId&amp;quot;:&amp;quot;7373833&amp;quot;,&amp;quot;notes&amp;quot;:&amp;quot;Nothing to add&amp;quot;,&amp;quot;workerID&amp;quot;:1677,&amp;quot;dobMonth&amp;quot;:&amp;quot;04&amp;quot;,&amp;quot;dobDay&amp;quot;:&amp;quot;10&amp;quot;,&amp;quot;dobYear&amp;quot;:&amp;quot;2000&amp;quot;,&amp;quot;address1&amp;quot;:&amp;quot;430 Boyle Causeway&amp;quot;,&amp;quot;address2&amp;quot;:&amp;quot;Ondricka Ports&amp;quot;,&amp;quot;city&amp;quot;:&amp;quot;Lakinland&amp;quot;,&amp;quot;state&amp;quot;:&amp;quot;Rhode Island&amp;quot;,&amp;quot;postalCode&amp;quot;:&amp;quot;53309-4492&amp;quot;,&amp;quot;country&amp;quot;:&amp;quot;Cambodia&amp;quot;,&amp;quot;emergencyContactName&amp;quot;:&amp;quot;NAMO&amp;quot;,&amp;quot;emergencyContactPhone&amp;quot;:&amp;quot;4748348934&amp;quot;,&amp;quot;emergencyContactEmail&amp;quot;:&amp;quot;qaworker1@yopmail.com&amp;quot;,&amp;quot;emergencyContactRelationship&amp;quot;:&amp;quot;NAMO&amp;quot;,&amp;quot;workEmail&amp;quot;:&amp;quot;margarito.homenick@gmail.com&amp;quot;,&amp;quot;persEmail&amp;quot;:&amp;quot;margarito.homenick@gmail.com&amp;quot;,&amp;quot;mobilePhone&amp;quot;:&amp;quot;6337373484&amp;quot;,&amp;quot;workPhone&amp;quot;:&amp;quot;7483839933&amp;quot;,&amp;quot;homePhone&amp;quot;:&amp;quot;7389292922&amp;quot;,&amp;quot;customFields&amp;quot;:[],&amp;quot;createdAt&amp;quot;:&amp;quot;2025-08-31T20:43:20.882Z&amp;quot;}}
">
      <![CDATA[java.lang.AssertionError: 1 expectation failed.
Response body doesn't match expectation.
Expected: The content to match the given JSON schema.
error: object has missing required properties (["authToken","message","userInfo"])
    level: "error"
    schema: {"loadingURI":"#","pointer":"/properties/data"}
    instance: {"pointer":"/data"}
    domain: "validation"
    keyword: "required"
    required: ["authToken","message","userInfo"]
    missing: ["authToken","message","userInfo"]

  Actual: {"meta":{"status_code":200,"success_message":"Worker Created"},"data":{"attachments":[],"numTotalAssignments":0,"isActive":true,"updatedAt":null,"firstName":"Anabel","lastName":"Abernathy","email":"margarito.homenick@gmail.com","phone":"(148) 010-9266","externalVmsId":"737383","accountingId":"7373833","notes":"Nothing to add","workerID":1677,"dobMonth":"04","dobDay":"10","dobYear":"2000","address1":"430 Boyle Causeway","address2":"Ondricka Ports","city":"Lakinland","state":"Rhode Island","postalCode":"53309-4492","country":"Cambodia","emergencyContactName":"NAMO","emergencyContactPhone":"4748348934","emergencyContactEmail":"qaworker1@yopmail.com","emergencyContactRelationship":"NAMO","workEmail":"margarito.homenick@gmail.com","persEmail":"margarito.homenick@gmail.com","mobilePhone":"6337373484","workPhone":"7483839933","homePhone":"7389292922","customFields":[],"createdAt":"2025-08-31T20:43:20.882Z"}}

at org.codehaus.groovy.runtime.callsite.ConstructorSite$ConstructorSiteNoUnwrapNoCoerce.callConstructor(ConstructorSite.java:108)
at org.codehaus.groovy.runtime.callsite.CallSiteArray.defaultCallConstructor(CallSiteArray.java:57)
at org.codehaus.groovy.runtime.callsite.AbstractCallSite.callConstructor(AbstractCallSite.java:263)
at org.codehaus.groovy.runtime.callsite.AbstractCallSite.callConstructor(AbstractCallSite.java:277)
at io.restassured.internal.ResponseSpecificationImpl$HamcrestAssertionClosure.validate(ResponseSpecificationImpl.groovy:512)
at io.restassured.internal.ResponseSpecificationImpl$HamcrestAssertionClosure$validate$1.call(Unknown Source)
at io.restassured.internal.ResponseSpecificationImpl.validateResponseIfRequired(ResponseSpecificationImpl.groovy:696)
at io.restassured.internal.ResponseSpecificationImpl.this$2$validateResponseIfRequired(ResponseSpecificationImpl.groovy)
at org.codehaus.groovy.runtime.callsite.PlainObjectMetaMethodSite.doInvoke(PlainObjectMetaMethodSite.java:43)
at org.codehaus.groovy.runtime.callsite.PogoMetaMethodSite$PogoCachedMethodSiteNoUnwrapNoCoerce.invoke(PogoMetaMethodSite.java:198)
at org.codehaus.groovy.runtime.callsite.PogoMetaMethodSite.callCurrent(PogoMetaMethodSite.java:62)
at org.codehaus.groovy.runtime.callsite.AbstractCallSite.callCurrent(AbstractCallSite.java:185)
at io.restassured.internal.ResponseSpecificationImpl.body(ResponseSpecificationImpl.groovy:107)
at io.restassured.internal.ValidatableResponseOptionsImpl.body(ValidatableResponseOptionsImpl.java:238)
at Create.CreateSupplier.workerCreate(CreateSupplier.java:114)
at java.base/java.util.ArrayList.forEach(ArrayList.java:1596)
... Removed 35 stack frames]]>
    </failure>
  </testcase> <!-- workerCreate -->
  <testcase classname="Create.CreateSupplier" name="supplierCreate" time="0.0">
    <ignored/>
  </testcase> <!-- supplierCreate -->
</testsuite> <!-- Test -->
