<?xml version="1.0" encoding="UTF-8"?>
<!-- Generated by org.testng.reporters.JUnitReportReporter -->
<testsuite hostname="DESKTOP-IJFDGV2" failures="1" tests="2" name="Create.CreateSupplier" time="4.219" errors="0" timestamp="2025-09-01T02:13:21 IST" skipped="1">
  <testcase classname="Create.CreateSupplier" name="workerCreate" time="4.219">
    <failure message="1 expectation failed.
Response body doesn&#039;t match expectation.
Expected: The content to match the given JSON schema.
error: object has missing required properties ([&quot;authToken&quot;,&quot;message&quot;,&quot;userInfo&quot;])
    level: &quot;error&quot;
    schema: {&quot;loadingURI&quot;:&quot;#&quot;,&quot;pointer&quot;:&quot;/properties/data&quot;}
    instance: {&quot;pointer&quot;:&quot;/data&quot;}
    domain: &quot;validation&quot;
    keyword: &quot;required&quot;
    required: [&quot;authToken&quot;,&quot;message&quot;,&quot;userInfo&quot;]
    missing: [&quot;authToken&quot;,&quot;message&quot;,&quot;userInfo&quot;]

  Actual: {&quot;meta&quot;:{&quot;status_code&quot;:200,&quot;success_message&quot;:&quot;Worker Created&quot;},&quot;data&quot;:{&quot;attachments&quot;:[],&quot;numTotalAssignments&quot;:0,&quot;isActive&quot;:true,&quot;updatedAt&quot;:null,&quot;firstName&quot;:&quot;Anabel&quot;,&quot;lastName&quot;:&quot;Abernathy&quot;,&quot;email&quot;:&quot;margarito.homenick@gmail.com&quot;,&quot;phone&quot;:&quot;(148) 010-9266&quot;,&quot;externalVmsId&quot;:&quot;737383&quot;,&quot;accountingId&quot;:&quot;7373833&quot;,&quot;notes&quot;:&quot;Nothing to add&quot;,&quot;workerID&quot;:1677,&quot;dobMonth&quot;:&quot;04&quot;,&quot;dobDay&quot;:&quot;10&quot;,&quot;dobYear&quot;:&quot;2000&quot;,&quot;address1&quot;:&quot;430 Boyle Causeway&quot;,&quot;address2&quot;:&quot;Ondricka Ports&quot;,&quot;city&quot;:&quot;Lakinland&quot;,&quot;state&quot;:&quot;Rhode Island&quot;,&quot;postalCode&quot;:&quot;53309-4492&quot;,&quot;country&quot;:&quot;Cambodia&quot;,&quot;emergencyContactName&quot;:&quot;NAMO&quot;,&quot;emergencyContactPhone&quot;:&quot;4748348934&quot;,&quot;emergencyContactEmail&quot;:&quot;qaworker1@yopmail.com&quot;,&quot;emergencyContactRelationship&quot;:&quot;NAMO&quot;,&quot;workEmail&quot;:&quot;margarito.homenick@gmail.com&quot;,&quot;persEmail&quot;:&quot;margarito.homenick@gmail.com&quot;,&quot;mobilePhone&quot;:&quot;6337373484&quot;,&quot;workPhone&quot;:&quot;7483839933&quot;,&quot;homePhone&quot;:&quot;7389292922&quot;,&quot;customFields&quot;:[],&quot;createdAt&quot;:&quot;2025-08-31T20:43:20.882Z&quot;}}
" type="java.lang.AssertionError">
      <![CDATA[java.lang.AssertionError: 1 expectation failed.
Response body doesn't match expectation.
Expected: The content to match the given JSON schema.
error: object has missing required properties (["authToken","message","userInfo"])
    level: "error"
    schema: {"loadingURI":"#","pointer":"/properties/data"}
    instance: {"pointer":"/data"}
    domain: "validation"
    keyword: "required"
    required: ["authToken","message","userInfo"]
    missing: ["authToken","message","userInfo"]

  Actual: {"meta":{"status_code":200,"success_message":"Worker Created"},"data":{"attachments":[],"numTotalAssignments":0,"isActive":true,"updatedAt":null,"firstName":"Anabel","lastName":"Abernathy","email":"margarito.homenick@gmail.com","phone":"(148) 010-9266","externalVmsId":"737383","accountingId":"7373833","notes":"Nothing to add","workerID":1677,"dobMonth":"04","dobDay":"10","dobYear":"2000","address1":"430 Boyle Causeway","address2":"Ondricka Ports","city":"Lakinland","state":"Rhode Island","postalCode":"53309-4492","country":"Cambodia","emergencyContactName":"NAMO","emergencyContactPhone":"4748348934","emergencyContactEmail":"qaworker1@yopmail.com","emergencyContactRelationship":"NAMO","workEmail":"margarito.homenick@gmail.com","persEmail":"margarito.homenick@gmail.com","mobilePhone":"6337373484","workPhone":"7483839933","homePhone":"7389292922","customFields":[],"createdAt":"2025-08-31T20:43:20.882Z"}}

at java.base/jdk.internal.reflect.DirectConstructorHandleAccessor.newInstance(DirectConstructorHandleAccessor.java:62)
at java.base/java.lang.reflect.Constructor.newInstanceWithCaller(Constructor.java:502)
at java.base/java.lang.reflect.Constructor.newInstance(Constructor.java:486)
at org.codehaus.groovy.reflection.CachedConstructor.invoke(CachedConstructor.java:73)
at org.codehaus.groovy.runtime.callsite.ConstructorSite$ConstructorSiteNoUnwrapNoCoerce.callConstructor(ConstructorSite.java:108)
at org.codehaus.groovy.runtime.callsite.CallSiteArray.defaultCallConstructor(CallSiteArray.java:57)
at org.codehaus.groovy.runtime.callsite.AbstractCallSite.callConstructor(AbstractCallSite.java:263)
at org.codehaus.groovy.runtime.callsite.AbstractCallSite.callConstructor(AbstractCallSite.java:277)
at io.restassured.internal.ResponseSpecificationImpl$HamcrestAssertionClosure.validate(ResponseSpecificationImpl.groovy:512)
at io.restassured.internal.ResponseSpecificationImpl$HamcrestAssertionClosure$validate$1.call(Unknown Source)
at io.restassured.internal.ResponseSpecificationImpl.validateResponseIfRequired(ResponseSpecificationImpl.groovy:696)
at io.restassured.internal.ResponseSpecificationImpl.this$2$validateResponseIfRequired(ResponseSpecificationImpl.groovy)
at java.base/jdk.internal.reflect.DirectMethodHandleAccessor.invoke(DirectMethodHandleAccessor.java:103)
at java.base/java.lang.reflect.Method.invoke(Method.java:580)
at org.codehaus.groovy.runtime.callsite.PlainObjectMetaMethodSite.doInvoke(PlainObjectMetaMethodSite.java:43)
at org.codehaus.groovy.runtime.callsite.PogoMetaMethodSite$PogoCachedMethodSiteNoUnwrapNoCoerce.invoke(PogoMetaMethodSite.java:198)
at org.codehaus.groovy.runtime.callsite.PogoMetaMethodSite.callCurrent(PogoMetaMethodSite.java:62)
at org.codehaus.groovy.runtime.callsite.AbstractCallSite.callCurrent(AbstractCallSite.java:185)
at io.restassured.internal.ResponseSpecificationImpl.body(ResponseSpecificationImpl.groovy:107)
at io.restassured.internal.ValidatableResponseOptionsImpl.body(ValidatableResponseOptionsImpl.java:238)
at Create.CreateSupplier.workerCreate(CreateSupplier.java:114)
at java.base/jdk.internal.reflect.DirectMethodHandleAccessor.invoke(DirectMethodHandleAccessor.java:103)
at java.base/java.lang.reflect.Method.invoke(Method.java:580)
at org.testng.internal.invokers.MethodInvocationHelper.invokeMethod(MethodInvocationHelper.java:141)
at org.testng.internal.invokers.TestInvoker.invokeMethod(TestInvoker.java:687)
at org.testng.internal.invokers.TestInvoker.invokeTestMethod(TestInvoker.java:230)
at org.testng.internal.invokers.MethodRunner.runInSequence(MethodRunner.java:63)
at org.testng.internal.invokers.TestInvoker$MethodInvocationAgent.invoke(TestInvoker.java:995)
at org.testng.internal.invokers.TestInvoker.invokeTestMethods(TestInvoker.java:203)
at org.testng.internal.invokers.TestMethodWorker.invokeTestMethods(TestMethodWorker.java:154)
at org.testng.internal.invokers.TestMethodWorker.run(TestMethodWorker.java:134)
at java.base/java.util.ArrayList.forEach(ArrayList.java:1596)
at org.testng.TestRunner.privateRun(TestRunner.java:741)
at org.testng.TestRunner.run(TestRunner.java:616)
at org.testng.SuiteRunner.runTest(SuiteRunner.java:421)
at org.testng.SuiteRunner.runSequentially(SuiteRunner.java:413)
at org.testng.SuiteRunner.privateRun(SuiteRunner.java:373)
at org.testng.SuiteRunner.run(SuiteRunner.java:312)
at org.testng.SuiteRunnerWorker.runSuite(SuiteRunnerWorker.java:52)
at org.testng.SuiteRunnerWorker.run(SuiteRunnerWorker.java:95)
at org.testng.TestNG.runSuitesSequentially(TestNG.java:1274)
at org.testng.TestNG.runSuitesLocally(TestNG.java:1208)
at org.testng.TestNG.runSuites(TestNG.java:1112)
at org.testng.TestNG.run(TestNG.java:1079)
at org.apache.maven.surefire.testng.TestNGExecutor.run(TestNGExecutor.java:308)
at org.apache.maven.surefire.testng.TestNGXmlTestSuite.execute(TestNGXmlTestSuite.java:71)
at org.apache.maven.surefire.testng.TestNGProvider.invoke(TestNGProvider.java:113)
at org.apache.maven.surefire.booter.ForkedBooter.runSuitesInProcess(ForkedBooter.java:385)
at org.apache.maven.surefire.booter.ForkedBooter.execute(ForkedBooter.java:162)
at org.apache.maven.surefire.booter.ForkedBooter.run(ForkedBooter.java:507)
at org.apache.maven.surefire.booter.ForkedBooter.main(ForkedBooter.java:495)
]]>
    </failure>
  </testcase> <!-- workerCreate -->
  <testcase classname="Create.CreateSupplier" name="supplierCreate">
    <skipped/>
  </testcase> <!-- supplierCreate -->
</testsuite> <!-- Create.CreateSupplier -->
